#
# A fatal error has been detected by the Java Runtime Environment:
#
#  EXCEPTION_ACCESS_VIOLATION (0xc0000005) at pc=0x00007ff910d89f20, pid=27216, tid=12020
#
# JRE version: Java(TM) SE Runtime Environment (17.0.6+9) (build 17.0.6+9-LTS-190)
# Java VM: Java HotSpot(TM) 64-Bit Server VM (17.0.6+9-LTS-190, mixed mode, emulated-client, sharing, tiered, compressed oops, compressed class ptrs, g1 gc, windows-amd64)
# Problematic frame:
# V  [jvm.dll+0x259f20]
#
# No core dump will be written. Minidumps are not enabled by default on client versions of Windows
#
# If you would like to submit a bug report, please visit:
#   https://bugreport.java.com/bugreport/crash.jsp
#

---------------  S U M M A R Y ------------

Command Line: -Dsts.lsp.client=vscode -Dsts.log.file=/dev/null -XX:TieredStopAtLevel=1 -Xlog:jni+resolve=off -Dspring.config.location=file:c:\Users\evilc\.vscode\extensions\pivotal.vscode-spring-boot-1.43.0\language-server\BOOT-INF\classes\application.properties org.springframework.ide.vscode.boot.app.BootLanguageServerBootApp

Host: Intel(R) Core(TM) i5-8400 CPU @ 2.80GHz, 6 cores, 15G,  Windows 11 , 64 bit Build 22000 (10.0.22000.1335)
Time: Tue Jan 31 18:09:28 2023  Windows 11 , 64 bit Build 22000 (10.0.22000.1335) elapsed time: 30397.356290 seconds (0d 8h 26m 37s)

---------------  T H R E A D  ---------------

Current thread (0x000001fdd95bbd30):  JavaThread "C1 CompilerThread0" daemon [_thread_in_vm, id=12020, stack(0x000000d98e400000,0x000000d98e500000)]


Current CompileTask:
C1:30397356 15192       1       com.sun.tools.javac.tree.TreeCopier::copy (62 bytes)

Stack: [0x000000d98e400000,0x000000d98e500000],  sp=0x000000d98e4fe940,  free space=1018k
Native frames: (J=compiled Java code, j=interpreted, Vv=VM code, C=native code)
V  [jvm.dll+0x259f20]
V  [jvm.dll+0x365b96]
V  [jvm.dll+0x64c78b]
V  [jvm.dll+0x1c2937]
V  [jvm.dll+0x132932]
V  [jvm.dll+0x131d01]
V  [jvm.dll+0x1339ad]
V  [jvm.dll+0x224b6e]
V  [jvm.dll+0x222f15]
V  [jvm.dll+0x78753c]
V  [jvm.dll+0x781a7a]
V  [jvm.dll+0x672375]
C  [ucrtbase.dll+0x26c0c]
C  [KERNEL32.DLL+0x155a0]
C  [ntdll.dll+0x485b]


siginfo: EXCEPTION_ACCESS_VIOLATION (0xc0000005), reading address 0x0000017ddd8bcd30


Register to memory mapping:

RIP=0x00007ff910d89f20 jvm.dll
RAX=0x0 is NULL
RBX=0x0000017ddd8bcd30 is an unknown value
RCX=0x000001fdcb55c590 is at entry_point+-1360 in (nmethod*)0x000001fdcb55c590
RDX=0x000001fdcc30ca90 is at entry_point+-496 in (nmethod*)0x000001fdcc30ca90
RSP=0x000000d98e4fe940 is pointing into the stack for thread: 0x000001fdd95bbd30
RBP=0x0 is NULL
RSI=0x000001fdcc30ca90 is at entry_point+-496 in (nmethod*)0x000001fdcc30ca90
RDI=0x000001fdde26fe80 points into unknown readable memory: 0x0000017ddd8bcd30 | 30 cd 8b dd 7d 01 00 00
R8 ={method} {0x000001fde639f180} 'iterator' '()Ljava/util/Iterator;' in 'com/sun/tools/javac/util/List'
R9 =0x0000000000000003 is an unknown value
R10=0x00000000000000c0 is an unknown value
R11=0xfd97747f32841b9b is an unknown value
R12=0x0000000000000010 is an unknown value
R13=0x0000000000000001 is an unknown value
R14=0x000000d98e4fe990 is pointing into the stack for thread: 0x000001fdd95bbd30
R15=0x000001fdc2e39340 points into unknown readable memory: 0x00007ff9113eea90 | 90 ea 3e 11 f9 7f 00 00


Registers:
RAX=0x0000000000000000, RBX=0x0000017ddd8bcd30, RCX=0x000001fdcb55c590, RDX=0x000001fdcc30ca90
RSP=0x000000d98e4fe940, RBP=0x0000000000000000, RSI=0x000001fdcc30ca90, RDI=0x000001fdde26fe80
R8 =0x000001fde639f178, R9 =0x0000000000000003, R10=0x00000000000000c0, R11=0xfd97747f32841b9b
R12=0x0000000000000010, R13=0x0000000000000001, R14=0x000000d98e4fe990, R15=0x000001fdc2e39340
RIP=0x00007ff910d89f20, EFLAGS=0x0000000000010206

Top of Stack: (sp=0x000000d98e4fe940)
0x000000d98e4fe940:   000001fdde26c370 00007ff910d84d45
0x000000d98e4fe950:   00007ff900000850 0000000800000158
0x000000d98e4fe960:   0000000000000850 00007ff910e95b96
0x000000d98e4fe970:   000001fdc0c01db0 0000000000000000
0x000000d98e4fe980:   000001fdcc30ca90 0000000000000000
0x000000d98e4fe990:   000000080113a7b8 000000080113a7c0
0x000000d98e4fe9a0:   000001fdcc30ca90 00007ff91117c78b
0x000000d98e4fe9b0:   000001fdc0c01db0 0000000000000000
0x000000d98e4fe9c0:   0000000000000010 0000000000000850
0x000000d98e4fe9d0:   000000d900003b58 00007ff9ffffffff
0x000000d98e4fe9e0:   000000d98e4fef30 ffffffff00000088
0x000000d98e4fe9f0:   000001fdd95bc370 000001fddb93ee70
0x000000d98e4fea00:   000000d98e4fef50 0000000000000014
0x000000d98e4fea10:   000001fddb93ee10 000000d98e4feef8
0x000000d98e4fea20:   000000d98e4fef10 000001fdc2e39340
0x000000d98e4fea30:   0000000000000001 00007ff911620b90 

Instructions: (pc=0x00007ff910d89f20)
0x00007ff910d89e20:   00 4c 8b 44 24 38 49 8b cf e8 c2 6f 5a 00 48 8b
0x00007ff910d89e30:   44 24 28 ff c5 49 ff c6 49 83 c4 10 3b 2f 0f 8c
0x00007ff910d89e40:   8c fe ff ff 48 8b 5c 24 40 4c 8b 64 24 48 4c 8b
0x00007ff910d89e50:   ac 24 a8 00 00 00 48 8b bc 24 b0 00 00 00 48 8b
0x00007ff910d89e60:   b4 24 b8 00 00 00 48 8b ac 24 c0 00 00 00 4d 85
0x00007ff910d89e70:   e4 74 1a 4d 8b c4 48 8d 15 db be 68 00 49 8b cf
0x00007ff910d89e80:   e8 6b 6f 5a 00 49 8b cf e8 f3 70 5a 00 49 8b cf
0x00007ff910d89e90:   e8 cb 6a 5a 00 48 8b cb e8 93 ba 41 00 48 8d 4c
0x00007ff910d89ea0:   24 50 e8 d9 c3 0e 00 48 8b 9c 24 c8 00 00 00 48
0x00007ff910d89eb0:   8b 8c 24 98 00 00 00 48 33 cc e8 51 43 5d 00 48
0x00007ff910d89ec0:   81 c4 d0 00 00 00 41 5f 41 5e 41 5c c3 cc cc cc
0x00007ff910d89ed0:   48 89 5c 24 08 48 89 74 24 10 48 89 7c 24 18 41
0x00007ff910d89ee0:   56 48 83 ec 20 48 8b f2 4c 8b f1 e8 40 02 00 00
0x00007ff910d89ef0:   48 8b d8 48 85 c0 74 64 0f 1f 84 00 00 00 00 00
0x00007ff910d89f00:   48 3b 33 0f 84 86 00 00 00 48 8d 7b 10 48 8b 5b
0x00007ff910d89f10:   10 48 85 db 74 46 66 66 0f 1f 84 00 00 00 00 00
0x00007ff910d89f20:   48 8b 0b 48 8b 01 ff 90 20 02 00 00 84 c0 74 27
0x00007ff910d89f30:   48 8b 4b 10 90 48 8b 07 48 3b c3 75 12 48 8b c3
0x00007ff910d89f40:   f0 48 0f b1 0f 75 08 48 8b cb e8 51 05 00 00 48
0x00007ff910d89f50:   8b 1f 48 85 db 75 c9 48 85 db 75 a4 45 33 c0 41
0x00007ff910d89f60:   8d 50 01 8d 4a 1f e8 d5 aa e4 ff 48 8b d0 48 85
0x00007ff910d89f70:   c0 74 29 48 89 30 c7 40 08 01 00 00 00 48 c7 40
0x00007ff910d89f80:   10 00 00 00 00 48 c7 40 18 00 00 00 00 eb 11 8b
0x00007ff910d89f90:   43 08 ff c0 89 43 08 8b 43 08 eb 2f 33 d2 66 90
0x00007ff910d89fa0:   49 8b 06 48 8b 00 48 89 42 10 49 8b 0e f0 48 0f
0x00007ff910d89fb0:   b1 11 75 ec 80 3d cc fa 83 00 00 74 0e 48 8b 05
0x00007ff910d89fc0:   64 ca 89 00 48 8b 48 28 48 ff 01 48 8b 5c 24 30
0x00007ff910d89fd0:   48 8b 74 24 38 48 8b 7c 24 40 48 83 c4 20 41 5e
0x00007ff910d89fe0:   c3 cc cc cc cc cc cc cc cc cc cc cc cc cc cc cc
0x00007ff910d89ff0:   48 83 ec 28 4c 8b 05 5d ca 89 00 48 8b 41 08 48
0x00007ff910d8a000:   8b 00 49 3b c0 0f 83 f0 00 00 00 48 8b 51 08 f0
0x00007ff910d8a010:   4c 0f b1 02 0f 85 e1 00 00 00 48 89 5c 24 30 e8 


Stack slot to memory mapping:
stack at sp + 0 slots: 0x000001fdde26c370 points into unknown readable memory: 0x000001fdde26fe70 | 70 fe 26 de fd 01 00 00
stack at sp + 1 slots: 0x00007ff910d84d45 jvm.dll
stack at sp + 2 slots: 0x00007ff900000850 is an unknown value
stack at sp + 3 slots: 0x0000000800000158 is pointing into metadata
stack at sp + 4 slots: 0x0000000000000850 is an unknown value
stack at sp + 5 slots: 0x00007ff910e95b96 jvm.dll
stack at sp + 6 slots: 0x000001fdc0c01db0 points into unknown readable memory: 0x000001fdd95bbd30 | 30 bd 5b d9 fd 01 00 00
stack at sp + 7 slots: 0x0 is NULL


---------------  P R O C E S S  ---------------

Threads class SMR info:
_java_thread_list=0x000001fddbb37270, length=38, elements={
0x000001fdd9595b10, 0x000001fdd9596e60, 0x000001fdd95b6e10, 0x000001fdd95b77c0,
0x000001fdd95ba180, 0x000001fdd95bab30, 0x000001fdd95bbd30, 0x000001fdd95beed0,
0x000001fdda1e0b30, 0x000001fdda1e8820, 0x000001fddaef24e0, 0x000001fddb334010,
0x000001fddb444030, 0x000001fdc2d6c520, 0x000001fddb4be010, 0x000001fddb4f8080,
0x000001fddb514a60, 0x000001fddb5c3270, 0x000001fddb5c3c10, 0x000001fddb5c5dc0,
0x000001fdddac0c70, 0x000001fdddac4160, 0x000001fdddabef90, 0x000001fdddac6310,
0x000001fdddac2950, 0x000001fdddac5e40, 0x000001fdddac2e20, 0x000001fdddac2480,
0x000001fdddac02d0, 0x000001fdddac1fb0, 0x000001fdddabfe00, 0x000001fdddac37c0,
0x000001fdddac3c90, 0x000001fdddac4b00, 0x000001fdddac4fd0, 0x000001fdddac5970,
0x000001fdddabf460, 0x000001fdddac07a0
}

Java Threads: ( => current thread )
  0x000001fdd9595b10 JavaThread "Reference Handler" daemon [_thread_blocked, id=24980, stack(0x000000d98de00000,0x000000d98df00000)]
  0x000001fdd9596e60 JavaThread "Finalizer" daemon [_thread_blocked, id=3596, stack(0x000000d98df00000,0x000000d98e000000)]
  0x000001fdd95b6e10 JavaThread "Signal Dispatcher" daemon [_thread_blocked, id=32604, stack(0x000000d98e000000,0x000000d98e100000)]
  0x000001fdd95b77c0 JavaThread "Attach Listener" daemon [_thread_blocked, id=1912, stack(0x000000d98e100000,0x000000d98e200000)]
  0x000001fdd95ba180 JavaThread "Service Thread" daemon [_thread_blocked, id=31504, stack(0x000000d98e200000,0x000000d98e300000)]
  0x000001fdd95bab30 JavaThread "Monitor Deflation Thread" daemon [_thread_blocked, id=28836, stack(0x000000d98e300000,0x000000d98e400000)]
=>0x000001fdd95bbd30 JavaThread "C1 CompilerThread0" daemon [_thread_in_vm, id=12020, stack(0x000000d98e400000,0x000000d98e500000)]
  0x000001fdd95beed0 JavaThread "Sweeper thread" daemon [_thread_blocked, id=28812, stack(0x000000d98e500000,0x000000d98e600000)]
  0x000001fdda1e0b30 JavaThread "Notification Thread" daemon [_thread_blocked, id=30592, stack(0x000000d98e700000,0x000000d98e800000)]
  0x000001fdda1e8820 JavaThread "Common-Cleaner" daemon [_thread_blocked, id=1788, stack(0x000000d98e900000,0x000000d98ea00000)]
  0x000001fddaef24e0 JavaThread "boundedElastic-evictor-1" daemon [_thread_blocked, id=27936, stack(0x000000d98f000000,0x000000d98f100000)]
  0x000001fddb334010 JavaThread "pool-11-thread-1" [_thread_blocked, id=29940, stack(0x000000d98f200000,0x000000d98f300000)]
  0x000001fddb444030 JavaThread "LanguageServerApp-lifecycle" [_thread_blocked, id=30264, stack(0x000000d98f300000,0x000000d98f400000)]
  0x000001fdc2d6c520 JavaThread "DestroyJavaVM" [_thread_blocked, id=32736, stack(0x000000d98d700000,0x000000d98d800000)]
  0x000001fddb4be010 JavaThread "pool-12-thread-1" [_thread_in_native, id=9316, stack(0x000000d98f500000,0x000000d98f600000)]
  0x000001fddb4f8080 JavaThread "Simple-Language-Server main thread" daemon [_thread_blocked, id=25448, stack(0x000000d98f600000,0x000000d98f700000)]
  0x000001fddb514a60 JavaThread "parallel-1" daemon [_thread_blocked, id=25644, stack(0x000000d98f800000,0x000000d98f900000)]
  0x000001fddb5c3270 JavaThread "pool-6-thread-1" [_thread_blocked, id=16032, stack(0x000000d990600000,0x000000d990700000)]
  0x000001fddb5c3c10 JavaThread "pool-10-thread-1" [_thread_blocked, id=24912, stack(0x000000d990700000,0x000000d990800000)]
  0x000001fddb5c5dc0 JavaThread "parallel-2" daemon [_thread_blocked, id=23400, stack(0x000000d990900000,0x000000d990a00000)]
  0x000001fdddac0c70 JavaThread "pool-10-thread-2" [_thread_blocked, id=30276, stack(0x000000d990a00000,0x000000d990b00000)]
  0x000001fdddac4160 JavaThread "parallel-3" daemon [_thread_blocked, id=20504, stack(0x000000d990b00000,0x000000d990c00000)]
  0x000001fdddabef90 JavaThread "pool-10-thread-3" [_thread_blocked, id=29064, stack(0x000000d990e00000,0x000000d990f00000)]
  0x000001fdddac6310 JavaThread "parallel-4" daemon [_thread_blocked, id=9080, stack(0x000000d98f900000,0x000000d98fa00000)]
  0x000001fdddac2950 JavaThread "parallel-5" daemon [_thread_blocked, id=32260, stack(0x000000d98ef00000,0x000000d98f000000)]
  0x000001fdddac5e40 JavaThread "pool-8-thread-1" [_thread_blocked, id=32012, stack(0x000000d990200000,0x000000d990300000)]
  0x000001fdddac2e20 JavaThread "parallel-6" daemon [_thread_blocked, id=21916, stack(0x000000d990300000,0x000000d990400000)]
  0x000001fdddac2480 JavaThread "Reconciler-1" daemon [_thread_blocked, id=2592, stack(0x000000d991100000,0x000000d991200000)]
  0x000001fdddac02d0 JavaThread "ForkJoinPool.commonPool-worker-82" daemon [_thread_blocked, id=26836, stack(0x000000d98fb00000,0x000000d98fc00000)]
  0x000001fdddac1fb0 JavaThread "pool-2-thread-76" [_thread_blocked, id=19828, stack(0x000000d98d500000,0x000000d98d600000)]
  0x000001fdddabfe00 JavaThread "pool-5-thread-75" [_thread_blocked, id=25228, stack(0x000000d98d600000,0x000000d98d700000)]
  0x000001fdddac37c0 JavaThread "ForkJoinPool.commonPool-worker-87" daemon [_thread_blocked, id=7668, stack(0x000000d98f700000,0x000000d98f800000)]
  0x000001fdddac3c90 JavaThread "ForkJoinPool.commonPool-worker-88" daemon [_thread_blocked, id=15008, stack(0x000000d98fa00000,0x000000d98fb00000)]
  0x000001fdddac4b00 JavaThread "pool-5-thread-77" [_thread_blocked, id=21492, stack(0x000000d98fc00000,0x000000d98fd00000)]
  0x000001fdddac4fd0 JavaThread "ForkJoinPool-1-worker-38" daemon [_thread_blocked, id=20432, stack(0x000000d98fd00000,0x000000d98fe00000)]
  0x000001fdddac5970 JavaThread "ForkJoinPool.commonPool-worker-89" daemon [_thread_blocked, id=35348, stack(0x000000d98fe00000,0x000000d98ff00000)]
  0x000001fdddabf460 JavaThread "ForkJoinPool.commonPool-worker-90" daemon [_thread_blocked, id=31692, stack(0x000000d98ff00000,0x000000d990000000)]
  0x000001fdddac07a0 JavaThread "pool-5-thread-78" [_thread_blocked, id=35552, stack(0x000000d98e600000,0x000000d98e700000)]

Other Threads:
  0x000001fdd958e8c0 VMThread "VM Thread" [stack: 0x000000d98dd00000,0x000000d98de00000] [id=28304] _threads_hazard_ptr=0x000001fddbb37270
  0x000001fdda1e5fc0 WatcherThread [stack: 0x000000d98e800000,0x000000d98e900000] [id=32672]
  0x000001fdc2dd6b90 GCTaskThread "GC Thread#0" [stack: 0x000000d98d800000,0x000000d98d900000] [id=7688]
  0x000001fddaab4850 GCTaskThread "GC Thread#1" [stack: 0x000000d98ea00000,0x000000d98eb00000] [id=2880]
  0x000001fddaab4b00 GCTaskThread "GC Thread#2" [stack: 0x000000d98eb00000,0x000000d98ec00000] [id=17152]
  0x000001fddaab4db0 GCTaskThread "GC Thread#3" [stack: 0x000000d98ec00000,0x000000d98ed00000] [id=29596]
  0x000001fddaab0890 GCTaskThread "GC Thread#4" [stack: 0x000000d98ed00000,0x000000d98ee00000] [id=29232]
  0x000001fddaab0b40 GCTaskThread "GC Thread#5" [stack: 0x000000d98ee00000,0x000000d98ef00000] [id=26756]
  0x000001fdc2de79d0 ConcurrentGCThread "G1 Main Marker" [stack: 0x000000d98d900000,0x000000d98da00000] [id=27084]
  0x000001fdc2de83e0 ConcurrentGCThread "G1 Conc#0" [stack: 0x000000d98da00000,0x000000d98db00000] [id=32092]
  0x000001fddb12eb30 ConcurrentGCThread "G1 Conc#1" [stack: 0x000000d98f100000,0x000000d98f200000] [id=9776]
  0x000001fdc2e36980 ConcurrentGCThread "G1 Refine#0" [stack: 0x000000d98db00000,0x000000d98dc00000] [id=23220]
  0x000001fddb444d10 ConcurrentGCThread "G1 Refine#1" [stack: 0x000000d98f400000,0x000000d98f500000] [id=30692]
  0x000001fddba6db70 ConcurrentGCThread "G1 Refine#2" [stack: 0x000000d990500000,0x000000d990600000] [id=21276]
  0x000001fddaa09580 ConcurrentGCThread "G1 Refine#3" [stack: 0x000000d990f00000,0x000000d991000000] [id=22640]
  0x000001fddaa09860 ConcurrentGCThread "G1 Refine#4" [stack: 0x000000d991000000,0x000000d991100000] [id=14736]
  0x000001fddaa08a00 ConcurrentGCThread "G1 Refine#5" [stack: 0x000000d991200000,0x000000d991300000] [id=22208]
  0x000001fdc2e373a0 ConcurrentGCThread "G1 Service" [stack: 0x000000d98dc00000,0x000000d98dd00000] [id=30020]

Threads with active compile tasks:
C1 CompilerThread0  30397455 15192       1       com.sun.tools.javac.tree.TreeCopier::copy (62 bytes)

VM state: synchronizing (normal execution)

VM Mutex/Monitor currently owned by a thread:  ([mutex/lock_event])
[0x000001fdc0c01db0] CodeCache_lock - owner thread: 0x000001fdd95bbd30
[0x000001fdc0c02a10] Threads_lock - owner thread: 0x000001fdd958e8c0
[0x000001fdc2d693e0] Heap_lock - owner thread: 0x000001fdddac02d0
[0x000001fdc2d68d20] Compile_lock - owner thread: 0x000001fdd95bbd30
[0x000001fdc2d69230] MethodCompileQueue_lock - owner thread: 0x000001fdd95bbd30

Heap address: 0x0000000701000000, size: 4080 MB, Compressed Oops mode: Zero based, Oop shift amount: 3

CDS archive(s) mapped at: [0x0000000800000000-0x0000000800bd0000-0x0000000800bd0000), size 12386304, SharedBaseAddress: 0x0000000800000000, ArchiveRelocationMode: 0.
Compressed class space mapped at: 0x0000000800c00000-0x0000000840c00000, reserved size: 1073741824
Narrow klass base: 0x0000000800000000, Narrow klass shift: 0, Narrow klass range: 0x100000000

GC Precious Log:
 CPUs: 6 total, 6 available
 Memory: 16319M
 Large Page Support: Disabled
 NUMA Support: Disabled
 Compressed Oops: Enabled (Zero based)
 Heap Region Size: 2M
 Heap Min Capacity: 8M
 Heap Initial Capacity: 256M
 Heap Max Capacity: 4080M
 Pre-touch: Disabled
 Parallel Workers: 6
 Concurrent Workers: 2
 Concurrent Refinement Workers: 6
 Periodic GC: Disabled

Heap:
 garbage-first heap   total 266240K, used 215237K [0x0000000701000000, 0x0000000800000000)
  region size 2048K, 57 young (116736K), 5 survivors (10240K)
 Metaspace       used 63950K, committed 64512K, reserved 1105920K
  class space    used 8753K, committed 9024K, reserved 1048576K

Heap Regions: E=young(eden), S=young(survivor), O=old, HS=humongous(starts), HC=humongous(continues), CS=collection set, F=free, OA=open archive, CA=closed archive, TAMS=top-at-mark-start (previous, next)
|   0|0x0000000701000000, 0x0000000701200000, 0x0000000701200000|100%| O|  |TAMS 0x0000000701200000, 0x0000000701000000| Untracked 
|   1|0x0000000701200000, 0x0000000701400000, 0x0000000701400000|100%| O|  |TAMS 0x0000000701400000, 0x0000000701200000| Untracked 
|   2|0x0000000701400000, 0x00000007015fffd0, 0x0000000701600000| 99%| O|  |TAMS 0x00000007015fffd0, 0x0000000701400000| Untracked 
|   3|0x0000000701600000, 0x00000007017fec20, 0x0000000701800000| 99%| O|  |TAMS 0x00000007017fec20, 0x0000000701600000| Untracked 
|   4|0x0000000701800000, 0x00000007019ffff8, 0x0000000701a00000| 99%| O|  |TAMS 0x00000007019ffff8, 0x0000000701800000| Untracked 
|   5|0x0000000701a00000, 0x0000000701bfd9d0, 0x0000000701c00000| 99%| O|  |TAMS 0x0000000701bfd9d0, 0x0000000701a00000| Untracked 
|   6|0x0000000701c00000, 0x0000000701dfffe8, 0x0000000701e00000| 99%| O|  |TAMS 0x0000000701dfffe8, 0x0000000701c00000| Untracked 
|   7|0x0000000701e00000, 0x0000000701ffffd8, 0x0000000702000000| 99%| O|  |TAMS 0x0000000701ffffd8, 0x0000000701e00000| Untracked 
|   8|0x0000000702000000, 0x0000000702200000, 0x0000000702200000|100%| O|  |TAMS 0x0000000702200000, 0x0000000702000000| Untracked 
|   9|0x0000000702200000, 0x00000007023ffff0, 0x0000000702400000| 99%| O|  |TAMS 0x00000007023ffff0, 0x0000000702200000| Untracked 
|  10|0x0000000702400000, 0x00000007025ffff0, 0x0000000702600000| 99%| O|  |TAMS 0x00000007025ffff0, 0x0000000702400000| Untracked 
|  11|0x0000000702600000, 0x00000007027ffff8, 0x0000000702800000| 99%| O|  |TAMS 0x00000007027ffff8, 0x0000000702600000| Untracked 
|  12|0x0000000702800000, 0x00000007029ffff8, 0x0000000702a00000| 99%| O|  |TAMS 0x00000007029ffff8, 0x0000000702800000| Untracked 
|  13|0x0000000702a00000, 0x0000000702c00000, 0x0000000702c00000|100%| O|  |TAMS 0x0000000702c00000, 0x0000000702a00000| Untracked 
|  14|0x0000000702c00000, 0x0000000702dfffe0, 0x0000000702e00000| 99%| O|  |TAMS 0x0000000702dfffe0, 0x0000000702c00000| Untracked 
|  15|0x0000000702e00000, 0x0000000702ffffd8, 0x0000000703000000| 99%| O|  |TAMS 0x0000000702ffffd8, 0x0000000702e00000| Untracked 
|  16|0x0000000703000000, 0x00000007031fad70, 0x0000000703200000| 98%| O|  |TAMS 0x00000007031fad70, 0x0000000703000000| Untracked 
|  17|0x0000000703200000, 0x00000007033fffe0, 0x0000000703400000| 99%| O|  |TAMS 0x00000007033fffe0, 0x0000000703200000| Untracked 
|  18|0x0000000703400000, 0x00000007035ffff8, 0x0000000703600000| 99%| O|  |TAMS 0x00000007035ffff8, 0x0000000703400000| Untracked 
|  19|0x0000000703600000, 0x00000007037fffe0, 0x0000000703800000| 99%| O|  |TAMS 0x00000007037fffe0, 0x0000000703600000| Untracked 
|  20|0x0000000703800000, 0x00000007039ffff8, 0x0000000703a00000| 99%| O|  |TAMS 0x00000007039ffff8, 0x0000000703800000| Untracked 
|  21|0x0000000703a00000, 0x0000000703bfffd8, 0x0000000703c00000| 99%| O|  |TAMS 0x0000000703bfffd8, 0x0000000703a00000| Untracked 
|  22|0x0000000703c00000, 0x0000000703dff758, 0x0000000703e00000| 99%| O|  |TAMS 0x0000000703dff758, 0x0000000703c00000| Untracked 
|  23|0x0000000703e00000, 0x0000000704000000, 0x0000000704000000|100%|HS|  |TAMS 0x0000000704000000, 0x0000000703e00000| Complete 
|  24|0x0000000704000000, 0x0000000704200000, 0x0000000704200000|100%|HC|  |TAMS 0x0000000704200000, 0x0000000704000000| Complete 
|  25|0x0000000704200000, 0x00000007043fffe8, 0x0000000704400000| 99%| O|  |TAMS 0x00000007043fffe8, 0x0000000704200000| Untracked 
|  26|0x0000000704400000, 0x00000007045f0b88, 0x0000000704600000| 97%| O|  |TAMS 0x00000007045f0b88, 0x0000000704400000| Untracked 
|  27|0x0000000704600000, 0x00000007047ffc68, 0x0000000704800000| 99%| O|  |TAMS 0x00000007047ffc68, 0x0000000704600000| Untracked 
|  28|0x0000000704800000, 0x00000007049ffff8, 0x0000000704a00000| 99%| O|  |TAMS 0x00000007049ffff8, 0x0000000704800000| Untracked 
|  29|0x0000000704a00000, 0x0000000704bcf278, 0x0000000704c00000| 90%| O|  |TAMS 0x0000000704bcf278, 0x0000000704a00000| Untracked 
|  30|0x0000000704c00000, 0x0000000704dffab8, 0x0000000704e00000| 99%| O|  |TAMS 0x0000000704dffab8, 0x0000000704c00000| Untracked 
|  31|0x0000000704e00000, 0x0000000704ffffd0, 0x0000000705000000| 99%| O|  |TAMS 0x0000000704ffffd0, 0x0000000704e00000| Untracked 
|  32|0x0000000705000000, 0x0000000705200000, 0x0000000705200000|100%| O|  |TAMS 0x0000000705200000, 0x0000000705000000| Untracked 
|  33|0x0000000705200000, 0x0000000705400000, 0x0000000705400000|100%| O|  |TAMS 0x0000000705400000, 0x0000000705200000| Untracked 
|  34|0x0000000705400000, 0x0000000705520948, 0x0000000705600000| 56%| O|  |TAMS 0x0000000705520948, 0x0000000705400000| Untracked 
|  35|0x0000000705600000, 0x00000007057d5428, 0x0000000705800000| 91%| O|  |TAMS 0x00000007057d5428, 0x0000000705600000| Untracked 
|  36|0x0000000705800000, 0x0000000705800000, 0x0000000705a00000|  0%| F|  |TAMS 0x0000000705800000, 0x0000000705800000| Untracked 
|  37|0x0000000705a00000, 0x0000000705c00000, 0x0000000705c00000|100%| O|  |TAMS 0x0000000705ac0800, 0x0000000705a00000| Untracked 
|  38|0x0000000705c00000, 0x0000000705e00000, 0x0000000705e00000|100%| O|  |TAMS 0x0000000705e00000, 0x0000000705c00000| Untracked 
|  39|0x0000000705e00000, 0x0000000706000000, 0x0000000706000000|100%| O|  |TAMS 0x0000000706000000, 0x0000000705e00000| Untracked 
|  40|0x0000000706000000, 0x0000000706200000, 0x0000000706200000|100%| O|  |TAMS 0x0000000706200000, 0x0000000706000000| Untracked 
|  41|0x0000000706200000, 0x0000000706400000, 0x0000000706400000|100%| O|  |TAMS 0x0000000706400000, 0x0000000706200000| Untracked 
|  42|0x0000000706400000, 0x0000000706400000, 0x0000000706600000|  0%| F|  |TAMS 0x0000000706400000, 0x0000000706400000| Untracked 
|  43|0x0000000706600000, 0x0000000706800000, 0x0000000706800000|100%| O|  |TAMS 0x0000000706800000, 0x0000000706600000| Untracked 
|  44|0x0000000706800000, 0x0000000706a00000, 0x0000000706a00000|100%| O|  |TAMS 0x0000000706a00000, 0x0000000706800000| Untracked 
|  45|0x0000000706a00000, 0x0000000706c00000, 0x0000000706c00000|100%| O|  |TAMS 0x0000000706a00000, 0x0000000706a00000| Untracked 
|  46|0x0000000706c00000, 0x0000000706e00000, 0x0000000706e00000|100%| O|  |TAMS 0x0000000706c00000, 0x0000000706c00000| Untracked 
|  47|0x0000000706e00000, 0x0000000707000000, 0x0000000707000000|100%| O|  |TAMS 0x0000000706e00000, 0x0000000706e00000| Untracked 
|  48|0x0000000707000000, 0x0000000707200000, 0x0000000707200000|100%| O|  |TAMS 0x0000000707000000, 0x0000000707000000| Untracked 
|  49|0x0000000707200000, 0x0000000707400000, 0x0000000707400000|100%| O|  |TAMS 0x0000000707200000, 0x0000000707200000| Untracked 
|  50|0x0000000707400000, 0x0000000707553000, 0x0000000707600000| 66%| O|  |TAMS 0x0000000707400000, 0x0000000707400000| Untracked 
|  51|0x0000000707600000, 0x0000000707800000, 0x0000000707800000|100%| O|  |TAMS 0x0000000707800000, 0x0000000707600000| Untracked 
|  52|0x0000000707800000, 0x0000000707800000, 0x0000000707a00000|  0%| F|  |TAMS 0x0000000707800000, 0x0000000707800000| Untracked 
|  53|0x0000000707a00000, 0x0000000707a00000, 0x0000000707c00000|  0%| F|  |TAMS 0x0000000707a00000, 0x0000000707a00000| Untracked 
|  54|0x0000000707c00000, 0x0000000707c00000, 0x0000000707e00000|  0%| F|  |TAMS 0x0000000707c00000, 0x0000000707c00000| Untracked 
|  55|0x0000000707e00000, 0x0000000707e00000, 0x0000000708000000|  0%| F|  |TAMS 0x0000000707e00000, 0x0000000707e00000| Untracked 
|  56|0x0000000708000000, 0x0000000708000000, 0x0000000708200000|  0%| F|  |TAMS 0x0000000708000000, 0x0000000708000000| Untracked 
|  57|0x0000000708200000, 0x0000000708200000, 0x0000000708400000|  0%| F|  |TAMS 0x0000000708200000, 0x0000000708200000| Untracked 
|  58|0x0000000708400000, 0x0000000708400000, 0x0000000708600000|  0%| F|  |TAMS 0x0000000708400000, 0x0000000708400000| Untracked 
|  59|0x0000000708600000, 0x0000000708600000, 0x0000000708800000|  0%| F|  |TAMS 0x0000000708600000, 0x0000000708600000| Untracked 
|  60|0x0000000708800000, 0x0000000708800000, 0x0000000708a00000|  0%| F|  |TAMS 0x0000000708800000, 0x0000000708800000| Untracked 
|  61|0x0000000708a00000, 0x0000000708a00000, 0x0000000708c00000|  0%| F|  |TAMS 0x0000000708a00000, 0x0000000708a00000| Untracked 
|  62|0x0000000708c00000, 0x0000000708c00000, 0x0000000708e00000|  0%| F|  |TAMS 0x0000000708c00000, 0x0000000708c00000| Untracked 
|  63|0x0000000708e00000, 0x0000000708e00000, 0x0000000709000000|  0%| F|  |TAMS 0x0000000708e00000, 0x0000000708e00000| Untracked 
|  64|0x0000000709000000, 0x0000000709000000, 0x0000000709200000|  0%| F|  |TAMS 0x0000000709000000, 0x0000000709000000| Untracked 
|  65|0x0000000709200000, 0x0000000709200000, 0x0000000709400000|  0%| F|  |TAMS 0x0000000709200000, 0x0000000709200000| Untracked 
|  66|0x0000000709400000, 0x0000000709400000, 0x0000000709600000|  0%| F|  |TAMS 0x0000000709400000, 0x0000000709400000| Untracked 
|  67|0x0000000709600000, 0x0000000709600000, 0x0000000709800000|  0%| F|  |TAMS 0x0000000709600000, 0x0000000709600000| Untracked 
|  68|0x0000000709800000, 0x0000000709832940, 0x0000000709a00000|  9%| S|CS|TAMS 0x0000000709800000, 0x0000000709800000| Complete 
|  69|0x0000000709a00000, 0x0000000709c00000, 0x0000000709c00000|100%| S|CS|TAMS 0x0000000709a00000, 0x0000000709a00000| Complete 
|  70|0x0000000709c00000, 0x0000000709e00000, 0x0000000709e00000|100%| S|CS|TAMS 0x0000000709c00000, 0x0000000709c00000| Complete 
|  71|0x0000000709e00000, 0x000000070a000000, 0x000000070a000000|100%| S|CS|TAMS 0x0000000709e00000, 0x0000000709e00000| Complete 
|  72|0x000000070a000000, 0x000000070a200000, 0x000000070a200000|100%| S|CS|TAMS 0x000000070a000000, 0x000000070a000000| Complete 
|  73|0x000000070a200000, 0x000000070a200000, 0x000000070a400000|  0%| F|  |TAMS 0x000000070a200000, 0x000000070a200000| Untracked 
|  74|0x000000070a400000, 0x000000070a400000, 0x000000070a600000|  0%| F|  |TAMS 0x000000070a400000, 0x000000070a400000| Untracked 
|  75|0x000000070a600000, 0x000000070a600000, 0x000000070a800000|  0%| F|  |TAMS 0x000000070a600000, 0x000000070a600000| Untracked 
|  76|0x000000070a800000, 0x000000070a800000, 0x000000070aa00000|  0%| F|  |TAMS 0x000000070a800000, 0x000000070a800000| Untracked 
|  77|0x000000070aa00000, 0x000000070aa00000, 0x000000070ac00000|  0%| F|  |TAMS 0x000000070aa00000, 0x000000070aa00000| Untracked 
|  78|0x000000070ac00000, 0x000000070ae00000, 0x000000070ae00000|100%| E|CS|TAMS 0x000000070ac00000, 0x000000070ac00000| Complete 
|  79|0x000000070ae00000, 0x000000070b000000, 0x000000070b000000|100%| E|CS|TAMS 0x000000070ae00000, 0x000000070ae00000| Complete 
|  80|0x000000070b000000, 0x000000070b200000, 0x000000070b200000|100%| E|CS|TAMS 0x000000070b000000, 0x000000070b000000| Complete 
|  81|0x000000070b200000, 0x000000070b400000, 0x000000070b400000|100%| E|CS|TAMS 0x000000070b200000, 0x000000070b200000| Complete 
|  82|0x000000070b400000, 0x000000070b600000, 0x000000070b600000|100%| E|CS|TAMS 0x000000070b400000, 0x000000070b400000| Complete 
|  83|0x000000070b600000, 0x000000070b800000, 0x000000070b800000|100%| E|CS|TAMS 0x000000070b600000, 0x000000070b600000| Complete 
|  84|0x000000070b800000, 0x000000070ba00000, 0x000000070ba00000|100%| E|CS|TAMS 0x000000070b800000, 0x000000070b800000| Complete 
|  85|0x000000070ba00000, 0x000000070bc00000, 0x000000070bc00000|100%| E|CS|TAMS 0x000000070ba00000, 0x000000070ba00000| Complete 
|  86|0x000000070bc00000, 0x000000070be00000, 0x000000070be00000|100%| E|CS|TAMS 0x000000070bc00000, 0x000000070bc00000| Complete 
|  87|0x000000070be00000, 0x000000070c000000, 0x000000070c000000|100%| E|CS|TAMS 0x000000070be00000, 0x000000070be00000| Complete 
|  88|0x000000070c000000, 0x000000070c200000, 0x000000070c200000|100%| E|CS|TAMS 0x000000070c000000, 0x000000070c000000| Complete 
|  89|0x000000070c200000, 0x000000070c400000, 0x000000070c400000|100%| E|CS|TAMS 0x000000070c200000, 0x000000070c200000| Complete 
|  90|0x000000070c400000, 0x000000070c600000, 0x000000070c600000|100%| E|CS|TAMS 0x000000070c400000, 0x000000070c400000| Complete 
|  91|0x000000070c600000, 0x000000070c800000, 0x000000070c800000|100%| E|CS|TAMS 0x000000070c600000, 0x000000070c600000| Complete 
|  92|0x000000070c800000, 0x000000070ca00000, 0x000000070ca00000|100%| E|CS|TAMS 0x000000070c800000, 0x000000070c800000| Complete 
|  93|0x000000070ca00000, 0x000000070cc00000, 0x000000070cc00000|100%| E|CS|TAMS 0x000000070ca00000, 0x000000070ca00000| Complete 
|  94|0x000000070cc00000, 0x000000070ce00000, 0x000000070ce00000|100%| E|CS|TAMS 0x000000070cc00000, 0x000000070cc00000| Complete 
|  95|0x000000070ce00000, 0x000000070d000000, 0x000000070d000000|100%| E|CS|TAMS 0x000000070ce00000, 0x000000070ce00000| Complete 
|  96|0x000000070d000000, 0x000000070d200000, 0x000000070d200000|100%| E|CS|TAMS 0x000000070d000000, 0x000000070d000000| Complete 
|  97|0x000000070d200000, 0x000000070d400000, 0x000000070d400000|100%| E|CS|TAMS 0x000000070d200000, 0x000000070d200000| Complete 
|  98|0x000000070d400000, 0x000000070d600000, 0x000000070d600000|100%| E|CS|TAMS 0x000000070d400000, 0x000000070d400000| Complete 
|  99|0x000000070d600000, 0x000000070d800000, 0x000000070d800000|100%| E|CS|TAMS 0x000000070d600000, 0x000000070d600000| Complete 
| 100|0x000000070d800000, 0x000000070da00000, 0x000000070da00000|100%| E|CS|TAMS 0x000000070d800000, 0x000000070d800000| Complete 
| 101|0x000000070da00000, 0x000000070dc00000, 0x000000070dc00000|100%| E|CS|TAMS 0x000000070da00000, 0x000000070da00000| Complete 
| 102|0x000000070dc00000, 0x000000070de00000, 0x000000070de00000|100%| E|CS|TAMS 0x000000070dc00000, 0x000000070dc00000| Complete 
| 103|0x000000070de00000, 0x000000070e000000, 0x000000070e000000|100%| E|CS|TAMS 0x000000070de00000, 0x000000070de00000| Complete 
| 104|0x000000070e000000, 0x000000070e200000, 0x000000070e200000|100%| E|CS|TAMS 0x000000070e000000, 0x000000070e000000| Complete 
| 105|0x000000070e200000, 0x000000070e400000, 0x000000070e400000|100%| E|CS|TAMS 0x000000070e200000, 0x000000070e200000| Complete 
| 106|0x000000070e400000, 0x000000070e600000, 0x000000070e600000|100%| E|CS|TAMS 0x000000070e400000, 0x000000070e400000| Complete 
| 107|0x000000070e600000, 0x000000070e800000, 0x000000070e800000|100%| E|CS|TAMS 0x000000070e600000, 0x000000070e600000| Complete 
| 108|0x000000070e800000, 0x000000070ea00000, 0x000000070ea00000|100%| E|CS|TAMS 0x000000070e800000, 0x000000070e800000| Complete 
| 109|0x000000070ea00000, 0x000000070ec00000, 0x000000070ec00000|100%| E|CS|TAMS 0x000000070ea00000, 0x000000070ea00000| Complete 
| 110|0x000000070ec00000, 0x000000070ee00000, 0x000000070ee00000|100%| E|CS|TAMS 0x000000070ec00000, 0x000000070ec00000| Complete 
| 111|0x000000070ee00000, 0x000000070f000000, 0x000000070f000000|100%| E|CS|TAMS 0x000000070ee00000, 0x000000070ee00000| Complete 
| 112|0x000000070f000000, 0x000000070f200000, 0x000000070f200000|100%| E|CS|TAMS 0x000000070f000000, 0x000000070f000000| Complete 
| 113|0x000000070f200000, 0x000000070f400000, 0x000000070f400000|100%| E|CS|TAMS 0x000000070f200000, 0x000000070f200000| Complete 
| 114|0x000000070f400000, 0x000000070f600000, 0x000000070f600000|100%| E|CS|TAMS 0x000000070f400000, 0x000000070f400000| Complete 
| 115|0x000000070f600000, 0x000000070f800000, 0x000000070f800000|100%| E|CS|TAMS 0x000000070f600000, 0x000000070f600000| Complete 
| 116|0x000000070f800000, 0x000000070fa00000, 0x000000070fa00000|100%| E|CS|TAMS 0x000000070f800000, 0x000000070f800000| Complete 
| 117|0x000000070fa00000, 0x000000070fc00000, 0x000000070fc00000|100%| E|CS|TAMS 0x000000070fa00000, 0x000000070fa00000| Complete 
| 118|0x000000070fc00000, 0x000000070fe00000, 0x000000070fe00000|100%| E|CS|TAMS 0x000000070fc00000, 0x000000070fc00000| Complete 
| 119|0x000000070fe00000, 0x0000000710000000, 0x0000000710000000|100%| E|CS|TAMS 0x000000070fe00000, 0x000000070fe00000| Complete 
| 120|0x0000000710000000, 0x0000000710200000, 0x0000000710200000|100%| E|CS|TAMS 0x0000000710000000, 0x0000000710000000| Complete 
| 121|0x0000000710200000, 0x0000000710400000, 0x0000000710400000|100%| E|CS|TAMS 0x0000000710200000, 0x0000000710200000| Complete 
| 122|0x0000000710400000, 0x0000000710600000, 0x0000000710600000|100%| E|CS|TAMS 0x0000000710400000, 0x0000000710400000| Complete 
| 123|0x0000000710600000, 0x0000000710800000, 0x0000000710800000|100%| E|CS|TAMS 0x0000000710600000, 0x0000000710600000| Complete 
| 124|0x0000000710800000, 0x0000000710a00000, 0x0000000710a00000|100%| E|CS|TAMS 0x0000000710800000, 0x0000000710800000| Complete 
| 125|0x0000000710a00000, 0x0000000710c00000, 0x0000000710c00000|100%| E|CS|TAMS 0x0000000710a00000, 0x0000000710a00000| Complete 
| 126|0x0000000710c00000, 0x0000000710e00000, 0x0000000710e00000|100%| E|CS|TAMS 0x0000000710c00000, 0x0000000710c00000| Complete 
| 127|0x0000000710e00000, 0x0000000711000000, 0x0000000711000000|100%| E|CS|TAMS 0x0000000710e00000, 0x0000000710e00000| Complete 
| 128|0x0000000711000000, 0x0000000711200000, 0x0000000711200000|100%| E|CS|TAMS 0x0000000711000000, 0x0000000711000000| Complete 
| 129|0x0000000711200000, 0x0000000711400000, 0x0000000711400000|100%| E|CS|TAMS 0x0000000711200000, 0x0000000711200000| Complete 

Card table byte_map: [0x000001fdcddf0000,0x000001fdce5f0000] _byte_map_base: 0x000001fdca5e8000

Marking Bits (Prev, Next): (CMBitMap*) 0x000001fdc2dd71e0, (CMBitMap*) 0x000001fdc2dd71a0
 Prev Bits: [0x000001fdd2db0000, 0x000001fdd6d70000)
 Next Bits: [0x000001fdcedf0000, 0x000001fdd2db0000)

Polling page: 0x000001fdc0d40000

Metaspace:

Usage:
  Non-class:     53.90 MB used.
      Class:      8.55 MB used.
       Both:     62.45 MB used.

Virtual space:
  Non-class space:       56.00 MB reserved,      54.19 MB ( 97%) committed,  7 nodes.
      Class space:        1.00 GB reserved,       8.81 MB ( <1%) committed,  1 nodes.
             Both:        1.05 GB reserved,      63.00 MB (  6%) committed. 

Chunk freelists:
   Non-Class:  1.42 MB
       Class:  3.06 MB
        Both:  4.49 MB

MaxMetaspaceSize: unlimited
CompressedClassSpaceSize: 1.00 GB
Initial GC threshold: 21.00 MB
Current GC threshold: 105.00 MB
CDS: on
MetaspaceReclaimPolicy: balanced
 - commit_granule_bytes: 65536.
 - commit_granule_words: 8192.
 - virtual_space_node_default_size: 1048576.
 - enlarge_chunks_in_place: 1.
 - new_chunks_are_fully_committed: 0.
 - uncommit_free_chunks: 1.
 - use_allocation_guard: 0.
 - handle_deallocations: 1.


Internal statistics:

num_allocs_failed_limit: 20.
num_arena_births: 890.
num_arena_deaths: 330.
num_vsnodes_births: 8.
num_vsnodes_deaths: 0.
num_space_committed: 1009.
num_space_uncommitted: 1.
num_chunks_returned_to_freelist: 437.
num_chunks_taken_from_freelist: 3374.
num_chunk_merges: 124.
num_chunk_splits: 2177.
num_chunks_enlarged: 1550.
num_purges: 22.
num_inconsistent_stats: 0.

CodeCache: size=49152Kb used=29241Kb max_used=30092Kb free=19910Kb
 bounds [0x000001fdca5f0000, 0x000001fdcc420000, 0x000001fdcd5f0000]
 total_blobs=15693 nmethods=15000 adapters=618
 compilation: enabled
              stopped_count=0, restarted_count=0
 full_count=0

Compilation events (20 events):
Event: 30388.894 Thread 0x000001fdd95bbd30 nmethod 15182 0x000001fdcc30fb10 code [0x000001fdcc30fce0, 0x000001fdcc30ff68]
Event: 30388.894 Thread 0x000001fdd95bbd30 15183       1       org.springframework.ide.vscode.boot.java.rewrite.reconcile.UnnecessarySpringExtensionProblem$1::lambda$visitClassDeclaration$0 (33 bytes)
Event: 30388.894 Thread 0x000001fdd95bbd30 nmethod 15183 0x000001fdcc30f610 code [0x000001fdcc30f7e0, 0x000001fdcc30fa08]
Event: 30392.924 Thread 0x000001fdd95bbd30 15184       1       com.google.gson.internal.bind.JsonTreeReader::beginArray (36 bytes)
Event: 30392.924 Thread 0x000001fdd95bbd30 nmethod 15184 0x000001fdcc30f090 code [0x000001fdcc30f260, 0x000001fdcc30f468]
Event: 30392.924 Thread 0x000001fdd95bbd30 15185       1       com.google.gson.internal.bind.JsonTreeReader::endArray (40 bytes)
Event: 30392.924 Thread 0x000001fdd95bbd30 nmethod 15185 0x000001fdcc30eb90 code [0x000001fdcc30ed40, 0x000001fdcc30ef48]
Event: 30393.784 Thread 0x000001fdd95bbd30 15186       1       org.openrewrite.java.isolated.ReloadableJava17ParserVisitor$$Lambda$1177/0x0000000801443058::apply (12 bytes)
Event: 30393.784 Thread 0x000001fdd95bbd30 nmethod 15186 0x000001fdcc30e810 code [0x000001fdcc30e9a0, 0x000001fdcc30eae8]
Event: 30394.415 Thread 0x000001fdd95bbd30 15187       1       com.sun.tools.javac.comp.DeferredAttr$RecoveryDeferredTypeMap::typeOf (10 bytes)
Event: 30394.415 Thread 0x000001fdd95bbd30 nmethod 15187 0x000001fdcc30e490 code [0x000001fdcc30e620, 0x000001fdcc30e748]
Event: 30394.415 Thread 0x000001fdd95bbd30 15188       1       com.sun.tools.javac.comp.DeferredAttr$RecoveryDeferredTypeMap::typeOf (25 bytes)
Event: 30394.415 Thread 0x000001fdd95bbd30 nmethod 15188 0x000001fdcc30e110 code [0x000001fdcc30e2c0, 0x000001fdcc30e3f8]
Event: 30396.003 Thread 0x000001fdd95bbd30 15189       1       com.sun.tools.javac.tree.TreeInfo::nonstaticSelect (60 bytes)
Event: 30396.003 Thread 0x000001fdd95bbd30 nmethod 15189 0x000001fdcc30d910 code [0x000001fdcc30db00, 0x000001fdcc30de58]
Event: 30396.126 Thread 0x000001fdd95bbd30 15190       1       org.openrewrite.Validated::none (8 bytes)
Event: 30396.126 Thread 0x000001fdd95bbd30 nmethod 15190 0x000001fdcc30d610 code [0x000001fdcc30d7a0, 0x000001fdcc30d898]
Event: 30396.126 Thread 0x000001fdd95bbd30 15191       1       org.openrewrite.Validated$None::<init> (5 bytes)
Event: 30396.126 Thread 0x000001fdd95bbd30 nmethod 15191 0x000001fdcc30d310 code [0x000001fdcc30d4a0, 0x000001fdcc30d558]
Event: 30397.335 Thread 0x000001fdd95bbd30 15192       1       com.sun.tools.javac.tree.TreeCopier::copy (62 bytes)

GC Heap History (20 events):
Event: 30345.355 GC heap before
{Heap before GC invocations=2126 (full 1809):
 garbage-first heap   total 266240K, used 212289K [0x0000000701000000, 0x0000000800000000)
  region size 2048K, 61 young (124928K), 0 survivors (0K)
 Metaspace       used 63950K, committed 64512K, reserved 1105920K
  class space    used 8753K, committed 9024K, reserved 1048576K
}
Event: 30345.362 GC heap after
{Heap after GC invocations=2127 (full 1809):
 garbage-first heap   total 266240K, used 97601K [0x0000000701000000, 0x0000000800000000)
  region size 2048K, 5 young (10240K), 5 survivors (10240K)
 Metaspace       used 63950K, committed 64512K, reserved 1105920K
  class space    used 8753K, committed 9024K, reserved 1048576K
}
Event: 30353.724 GC heap before
{Heap before GC invocations=2128 (full 1809):
 garbage-first heap   total 266240K, used 204097K [0x0000000701000000, 0x0000000800000000)
  region size 2048K, 61 young (124928K), 5 survivors (10240K)
 Metaspace       used 63950K, committed 64512K, reserved 1105920K
  class space    used 8753K, committed 9024K, reserved 1048576K
}
Event: 30353.730 GC heap after
{Heap after GC invocations=2129 (full 1809):
 garbage-first heap   total 266240K, used 93199K [0x0000000701000000, 0x0000000800000000)
  region size 2048K, 6 young (12288K), 6 survivors (12288K)
 Metaspace       used 63950K, committed 64512K, reserved 1105920K
  class space    used 8753K, committed 9024K, reserved 1048576K
}
Event: 30353.733 GC heap before
{Heap before GC invocations=2129 (full 1809):
 garbage-first heap   total 266240K, used 95247K [0x0000000701000000, 0x0000000800000000)
  region size 2048K, 7 young (14336K), 6 survivors (12288K)
 Metaspace       used 63950K, committed 64512K, reserved 1105920K
  class space    used 8753K, committed 9024K, reserved 1048576K
}
Event: 30353.740 GC heap after
{Heap after GC invocations=2130 (full 1809):
 garbage-first heap   total 266240K, used 92847K [0x0000000701000000, 0x0000000800000000)
  region size 2048K, 1 young (2048K), 1 survivors (2048K)
 Metaspace       used 63950K, committed 64512K, reserved 1105920K
  class space    used 8753K, committed 9024K, reserved 1048576K
}
Event: 30358.924 GC heap before
{Heap before GC invocations=2130 (full 1809):
 garbage-first heap   total 266240K, used 209583K [0x0000000701000000, 0x0000000800000000)
  region size 2048K, 58 young (118784K), 1 survivors (2048K)
 Metaspace       used 63950K, committed 64512K, reserved 1105920K
  class space    used 8753K, committed 9024K, reserved 1048576K
}
Event: 30358.929 GC heap after
{Heap after GC invocations=2131 (full 1809):
 garbage-first heap   total 266240K, used 101130K [0x0000000701000000, 0x0000000800000000)
  region size 2048K, 5 young (10240K), 5 survivors (10240K)
 Metaspace       used 63950K, committed 64512K, reserved 1105920K
  class space    used 8753K, committed 9024K, reserved 1048576K
}
Event: 30365.466 GC heap before
{Heap before GC invocations=2131 (full 1809):
 garbage-first heap   total 266240K, used 209674K [0x0000000701000000, 0x0000000800000000)
  region size 2048K, 58 young (118784K), 5 survivors (10240K)
 Metaspace       used 63950K, committed 64512K, reserved 1105920K
  class space    used 8753K, committed 9024K, reserved 1048576K
}
Event: 30365.470 GC heap after
{Heap after GC invocations=2132 (full 1809):
 garbage-first heap   total 266240K, used 100652K [0x0000000701000000, 0x0000000800000000)
  region size 2048K, 4 young (8192K), 4 survivors (8192K)
 Metaspace       used 63950K, committed 64512K, reserved 1105920K
  class space    used 8753K, committed 9024K, reserved 1048576K
}
Event: 30371.767 GC heap before
{Heap before GC invocations=2132 (full 1809):
 garbage-first heap   total 266240K, used 211244K [0x0000000701000000, 0x0000000800000000)
  region size 2048K, 58 young (118784K), 4 survivors (8192K)
 Metaspace       used 63950K, committed 64512K, reserved 1105920K
  class space    used 8753K, committed 9024K, reserved 1048576K
}
Event: 30371.771 GC heap after
{Heap after GC invocations=2133 (full 1809):
 garbage-first heap   total 266240K, used 102853K [0x0000000701000000, 0x0000000800000000)
  region size 2048K, 5 young (10240K), 5 survivors (10240K)
 Metaspace       used 63950K, committed 64512K, reserved 1105920K
  class space    used 8753K, committed 9024K, reserved 1048576K
}
Event: 30388.090 GC heap before
{Heap before GC invocations=2134 (full 1809):
 garbage-first heap   total 266240K, used 211397K [0x0000000701000000, 0x0000000800000000)
  region size 2048K, 58 young (118784K), 5 survivors (10240K)
 Metaspace       used 63950K, committed 64512K, reserved 1105920K
  class space    used 8753K, committed 9024K, reserved 1048576K
}
Event: 30388.096 GC heap after
{Heap after GC invocations=2135 (full 1809):
 garbage-first heap   total 266240K, used 107812K [0x0000000701000000, 0x0000000800000000)
  region size 2048K, 7 young (14336K), 7 survivors (14336K)
 Metaspace       used 63950K, committed 64512K, reserved 1105920K
  class space    used 8753K, committed 9024K, reserved 1048576K
}
Event: 30388.100 GC heap before
{Heap before GC invocations=2135 (full 1809):
 garbage-first heap   total 266240K, used 109860K [0x0000000701000000, 0x0000000800000000)
  region size 2048K, 8 young (16384K), 7 survivors (14336K)
 Metaspace       used 63950K, committed 64512K, reserved 1105920K
  class space    used 8753K, committed 9024K, reserved 1048576K
}
Event: 30388.138 GC heap after
{Heap after GC invocations=2136 (full 1809):
 garbage-first heap   total 266240K, used 102394K [0x0000000701000000, 0x0000000800000000)
  region size 2048K, 1 young (2048K), 1 survivors (2048K)
 Metaspace       used 63950K, committed 64512K, reserved 1105920K
  class space    used 8753K, committed 9024K, reserved 1048576K
}
Event: 30393.679 GC heap before
{Heap before GC invocations=2136 (full 1809):
 garbage-first heap   total 266240K, used 212986K [0x0000000701000000, 0x0000000800000000)
  region size 2048K, 55 young (112640K), 1 survivors (2048K)
 Metaspace       used 63950K, committed 64512K, reserved 1105920K
  class space    used 8753K, committed 9024K, reserved 1048576K
}
Event: 30393.681 GC heap after
{Heap after GC invocations=2137 (full 1809):
 garbage-first heap   total 266240K, used 103629K [0x0000000701000000, 0x0000000800000000)
  region size 2048K, 2 young (4096K), 2 survivors (4096K)
 Metaspace       used 63950K, committed 64512K, reserved 1105920K
  class space    used 8753K, committed 9024K, reserved 1048576K
}
Event: 30394.508 GC heap before
{Heap before GC invocations=2137 (full 1809):
 garbage-first heap   total 266240K, used 216269K [0x0000000701000000, 0x0000000800000000)
  region size 2048K, 57 young (116736K), 2 survivors (4096K)
 Metaspace       used 63950K, committed 64512K, reserved 1105920K
  class space    used 8753K, committed 9024K, reserved 1048576K
}
Event: 30394.512 GC heap after
{Heap after GC invocations=2138 (full 1809):
 garbage-first heap   total 266240K, used 108741K [0x0000000701000000, 0x0000000800000000)
  region size 2048K, 5 young (10240K), 5 survivors (10240K)
 Metaspace       used 63950K, committed 64512K, reserved 1105920K
  class space    used 8753K, committed 9024K, reserved 1048576K
}

Deoptimization events (20 events):
Event: 2750.604 Thread 0x000001fdddac37c0 DEOPT PACKING pc=0x000001fdcbe90fdb sp=0x000000d98f7fe380
Event: 2750.604 Thread 0x000001fdddac37c0 DEOPT UNPACKING pc=0x000001fdca642b43 sp=0x000000d98f7fd858 mode 3
Event: 2986.700 Thread 0x000001fdddac3c90 DEOPT PACKING pc=0x000001fdcb8df3ee sp=0x000000d98fcfe330
Event: 2986.700 Thread 0x000001fdddac3c90 DEOPT UNPACKING pc=0x000001fdca642b43 sp=0x000000d98fcfd8b8 mode 0
Event: 4001.062 Thread 0x000001fdddabf460 DEOPT PACKING pc=0x000001fdcc055951 sp=0x000000d98d5fe570
Event: 4001.062 Thread 0x000001fdddabf460 DEOPT UNPACKING pc=0x000001fdca642b43 sp=0x000000d98d5fda58 mode 3
Event: 6993.240 Thread 0x000001fddb5c3270 DEOPT PACKING pc=0x000001fdcbf5834a sp=0x000000d9906fed70
Event: 6993.240 Thread 0x000001fddb5c3270 DEOPT UNPACKING pc=0x000001fdca642b43 sp=0x000000d9906fe2b8 mode 3
Event: 7477.926 Thread 0x000001fdddac4fd0 DEOPT PACKING pc=0x000001fdcb50fcd4 sp=0x000000d98e6fd530
Event: 7477.926 Thread 0x000001fdddac4fd0 DEOPT UNPACKING pc=0x000001fdca642b43 sp=0x000000d98e6fccb0 mode 0
Event: 12583.852 Thread 0x000001fdddac4b00 DEOPT PACKING pc=0x000001fdcc12c000 sp=0x000000d98fafdaf0
Event: 12583.852 Thread 0x000001fdddac4b00 DEOPT UNPACKING pc=0x000001fdca642b43 sp=0x000000d98fafcfe0 mode 3
Event: 15564.120 Thread 0x000001fdddac02d0 DEOPT PACKING pc=0x000001fdcbf9aa5d sp=0x000000d98fefdca0
Event: 15564.120 Thread 0x000001fdddac02d0 DEOPT UNPACKING pc=0x000001fdca642b43 sp=0x000000d98fefd1a0 mode 3
Event: 29819.268 Thread 0x000001fdddabf460 DEOPT PACKING pc=0x000001fdcb90bbab sp=0x000000d98d6fdd50
Event: 29819.268 Thread 0x000001fdddabf460 DEOPT UNPACKING pc=0x000001fdca642b43 sp=0x000000d98d6fd2e0 mode 3
Event: 29819.268 Thread 0x000001fdddabf460 DEOPT PACKING pc=0x000001fdcc300f6f sp=0x000000d98d6fdc50
Event: 29819.268 Thread 0x000001fdddabf460 DEOPT UNPACKING pc=0x000001fdca642b43 sp=0x000000d98d6fd180 mode 3
Event: 30353.466 Thread 0x000001fddb5c3270 DEOPT PACKING pc=0x000001fdcc33e955 sp=0x000000d9906fe650
Event: 30353.466 Thread 0x000001fddb5c3270 DEOPT UNPACKING pc=0x000001fdca642b43 sp=0x000000d9906fdb28 mode 3

Classes unloaded (20 events):
Event: 7867.498 Thread 0x000001fdd958e8c0 Unloading class 0x0000000800e74c00 'java/lang/invoke/LambdaForm$MH+0x0000000800e74c00'
Event: 7867.498 Thread 0x000001fdd958e8c0 Unloading class 0x0000000800d3d000 'java/lang/invoke/LambdaForm$MH+0x0000000800d3d000'
Event: 7867.498 Thread 0x000001fdd958e8c0 Unloading class 0x0000000800c11800 'java/lang/invoke/LambdaForm$MH+0x0000000800c11800'
Event: 7867.498 Thread 0x000001fdd958e8c0 Unloading class 0x0000000800c10400 'java/lang/invoke/LambdaForm$MH+0x0000000800c10400'
Event: 30104.538 Thread 0x000001fdd958e8c0 Unloading class 0x000000080125f400 'jdk/internal/reflect/GeneratedConstructorAccessor90'
Event: 30104.538 Thread 0x000001fdd958e8c0 Unloading class 0x000000080125f000 'jdk/internal/reflect/GeneratedConstructorAccessor89'
Event: 30104.538 Thread 0x000001fdd958e8c0 Unloading class 0x0000000801262400 'jdk/internal/reflect/GeneratedConstructorAccessor88'
Event: 30104.538 Thread 0x000001fdd958e8c0 Unloading class 0x0000000800d88800 'jdk/internal/reflect/GeneratedConstructorAccessor85'
Event: 30104.538 Thread 0x000001fdd958e8c0 Unloading class 0x0000000800e70000 'jdk/internal/reflect/GeneratedConstructorAccessor84'
Event: 30104.538 Thread 0x000001fdd958e8c0 Unloading class 0x0000000800c0c400 'jdk/internal/reflect/GeneratedConstructorAccessor83'
Event: 30104.538 Thread 0x000001fdd958e8c0 Unloading class 0x0000000801260c00 'jdk/internal/reflect/GeneratedConstructorAccessor82'
Event: 30104.538 Thread 0x000001fdd958e8c0 Unloading class 0x0000000801260400 'jdk/internal/reflect/GeneratedConstructorAccessor81'
Event: 30104.538 Thread 0x000001fdd958e8c0 Unloading class 0x000000080125f800 'jdk/internal/reflect/GeneratedConstructorAccessor80'
Event: 30225.810 Thread 0x000001fdd958e8c0 Unloading class 0x0000000801262000 'jdk/internal/reflect/GeneratedMethodAccessor60'
Event: 30225.810 Thread 0x000001fdd958e8c0 Unloading class 0x00000008013e0c00 'jdk/internal/reflect/GeneratedConstructorAccessor87'
Event: 30225.810 Thread 0x000001fdd958e8c0 Unloading class 0x00000008013e0800 'jdk/internal/reflect/GeneratedMethodAccessor59'
Event: 30225.810 Thread 0x000001fdd958e8c0 Unloading class 0x0000000800c10400 'jdk/internal/reflect/GeneratedConstructorAccessor86'
Event: 30225.810 Thread 0x000001fdd958e8c0 Unloading class 0x0000000800c11800 'jdk/internal/reflect/GeneratedMethodAccessor58'
Event: 30225.810 Thread 0x000001fdd958e8c0 Unloading class 0x0000000800d3d000 'jdk/internal/reflect/GeneratedMethodAccessor57'
Event: 30225.810 Thread 0x000001fdd958e8c0 Unloading class 0x0000000800e74c00 'jdk/internal/reflect/GeneratedMethodAccessor56'

Classes redefined (0 events):
No events

Internal exceptions (20 events):
Event: 30372.283 Thread 0x000001fdddac2480 Exception <a 'sun/nio/fs/WindowsException'{0x00000007100845d0}> (0x00000007100845d0) 
thrown [s\open\src\hotspot\share\prims\jni.cpp, line 516]
Event: 30372.283 Thread 0x000001fdddac2480 Exception <a 'sun/nio/fs/WindowsException'{0x00000007100852f8}> (0x00000007100852f8) 
thrown [s\open\src\hotspot\share\prims\jni.cpp, line 516]
Event: 30372.283 Thread 0x000001fdddac2480 Exception <a 'sun/nio/fs/WindowsException'{0x00000007100859b0}> (0x00000007100859b0) 
thrown [s\open\src\hotspot\share\prims\jni.cpp, line 516]
Event: 30372.283 Thread 0x000001fdddac2480 Exception <a 'sun/nio/fs/WindowsException'{0x0000000710085d10}> (0x0000000710085d10) 
thrown [s\open\src\hotspot\share\prims\jni.cpp, line 516]
Event: 30372.283 Thread 0x000001fdddac2480 Exception <a 'sun/nio/fs/WindowsException'{0x0000000710086d00}> (0x0000000710086d00) 
thrown [s\open\src\hotspot\share\prims\jni.cpp, line 516]
Event: 30372.283 Thread 0x000001fdddac2480 Exception <a 'sun/nio/fs/WindowsException'{0x00000007100870a8}> (0x00000007100870a8) 
thrown [s\open\src\hotspot\share\prims\jni.cpp, line 516]
Event: 30383.395 Thread 0x000001fdddabf460 Exception <a 'sun/nio/fs/WindowsException'{0x000000070fe360b8}> (0x000000070fe360b8) 
thrown [s\open\src\hotspot\share\prims\jni.cpp, line 516]
Event: 30383.395 Thread 0x000001fdddabf460 Exception <a 'sun/nio/fs/WindowsException'{0x000000070fe36fb0}> (0x000000070fe36fb0) 
thrown [s\open\src\hotspot\share\prims\jni.cpp, line 516]
Event: 30387.772 Thread 0x000001fdddabf460 Exception <a 'sun/nio/fs/WindowsException'{0x000000070e8a1260}> (0x000000070e8a1260) 
thrown [s\open\src\hotspot\share\prims\jni.cpp, line 516]
Event: 30387.772 Thread 0x000001fdddabf460 Exception <a 'sun/nio/fs/WindowsException'{0x000000070e8a2158}> (0x000000070e8a2158) 
thrown [s\open\src\hotspot\share\prims\jni.cpp, line 516]
Event: 30388.549 Thread 0x000001fdddac02d0 Exception <a 'sun/nio/fs/WindowsException'{0x0000000710c25638}> (0x0000000710c25638) 
thrown [s\open\src\hotspot\share\prims\jni.cpp, line 516]
Event: 30388.550 Thread 0x000001fdddac02d0 Exception <a 'sun/nio/fs/WindowsException'{0x0000000710c26530}> (0x0000000710c26530) 
thrown [s\open\src\hotspot\share\prims\jni.cpp, line 516]
Event: 30393.303 Thread 0x000001fdddac02d0 Exception <a 'sun/nio/fs/WindowsException'{0x000000070c976290}> (0x000000070c976290) 
thrown [s\open\src\hotspot\share\prims\jni.cpp, line 516]
Event: 30393.303 Thread 0x000001fdddac02d0 Exception <a 'sun/nio/fs/WindowsException'{0x000000070c977188}> (0x000000070c977188) 
thrown [s\open\src\hotspot\share\prims\jni.cpp, line 516]
Event: 30394.163 Thread 0x000001fdddac02d0 Exception <a 'sun/nio/fs/WindowsException'{0x000000070eecd880}> (0x000000070eecd880) 
thrown [s\open\src\hotspot\share\prims\jni.cpp, line 516]
Event: 30394.164 Thread 0x000001fdddac02d0 Exception <a 'sun/nio/fs/WindowsException'{0x000000070eece778}> (0x000000070eece778) 
thrown [s\open\src\hotspot\share\prims\jni.cpp, line 516]
Event: 30395.646 Thread 0x000001fdddac02d0 Exception <a 'sun/nio/fs/WindowsException'{0x0000000711286c58}> (0x0000000711286c58) 
thrown [s\open\src\hotspot\share\prims\jni.cpp, line 516]
Event: 30395.646 Thread 0x000001fdddac02d0 Exception <a 'sun/nio/fs/WindowsException'{0x0000000711287b50}> (0x0000000711287b50) 
thrown [s\open\src\hotspot\share\prims\jni.cpp, line 516]
Event: 30397.059 Thread 0x000001fdddac02d0 Exception <a 'sun/nio/fs/WindowsException'{0x000000070c856628}> (0x000000070c856628) 
thrown [s\open\src\hotspot\share\prims\jni.cpp, line 516]
Event: 30397.060 Thread 0x000001fdddac02d0 Exception <a 'sun/nio/fs/WindowsException'{0x000000070c857520}> (0x000000070c857520) 
thrown [s\open\src\hotspot\share\prims\jni.cpp, line 516]

VM Operations (20 events):
Event: 30371.767 Executing VM operation: G1CollectForAllocation
Event: 30371.771 Executing VM operation: G1CollectForAllocation done
Event: 30371.820 Executing VM operation: G1Concurrent
Event: 30371.825 Executing VM operation: G1Concurrent done
Event: 30371.846 Executing VM operation: G1Concurrent
Event: 30371.846 Executing VM operation: G1Concurrent done
Event: 30383.932 Executing VM operation: Cleanup
Event: 30383.932 Executing VM operation: Cleanup done
Event: 30388.090 Executing VM operation: G1CollectForAllocation
Event: 30388.096 Executing VM operation: G1CollectForAllocation done
Event: 30388.100 Executing VM operation: G1CollectForAllocation
Event: 30388.138 Executing VM operation: G1CollectForAllocation done
Event: 30389.140 Executing VM operation: Cleanup
Event: 30389.140 Executing VM operation: Cleanup done
Event: 30393.679 Executing VM operation: G1CollectForAllocation
Event: 30393.681 Executing VM operation: G1CollectForAllocation done
Event: 30394.508 Executing VM operation: G1CollectForAllocation
Event: 30394.512 Executing VM operation: G1CollectForAllocation done
Event: 30396.534 Executing VM operation: Cleanup
Event: 30396.534 Executing VM operation: Cleanup done

Events (20 events):
Event: 30097.695 Thread 0x000001fdddabf460 Thread exited: 0x000001fdddabf460
Event: 30099.032 Thread 0x000001fdddac32f0 Thread exited: 0x000001fdddac32f0
Event: 30122.045 Thread 0x000001fdddac1fb0 Thread exited: 0x000001fdddac1fb0
Event: 30124.756 Thread 0x000001fdddac1fb0 Thread added: 0x000001fdddac1fb0
Event: 30132.746 Thread 0x000001fdddac5970 Thread exited: 0x000001fdddac5970
Event: 30182.056 Thread 0x000001fdddac07a0 Thread exited: 0x000001fdddac07a0
Event: 30217.670 Thread 0x000001fdddac1fb0 Thread exited: 0x000001fdddac1fb0
Event: 30242.059 Thread 0x000001fdddac4b00 Thread exited: 0x000001fdddac4b00
Event: 30262.453 Thread 0x000001fdddac1fb0 Thread added: 0x000001fdddac1fb0
Event: 30302.072 Thread 0x000001fdddac3c90 Thread exited: 0x000001fdddac3c90
Event: 30321.695 Thread 0x000001fdddabfe00 Thread added: 0x000001fdddabfe00
Event: 30321.695 Thread 0x000001fdddac32f0 Thread added: 0x000001fdddac32f0
Event: 30321.937 Thread 0x000001fdddac37c0 Thread added: 0x000001fdddac37c0
Event: 30321.939 Thread 0x000001fdddac3c90 Thread added: 0x000001fdddac3c90
Event: 30321.951 Thread 0x000001fdddac4b00 Thread added: 0x000001fdddac4b00
Event: 30322.182 Thread 0x000001fdddac4fd0 Thread added: 0x000001fdddac4fd0
Event: 30322.182 Thread 0x000001fdddac5970 Thread added: 0x000001fdddac5970
Event: 30345.404 Thread 0x000001fdddabf460 Thread added: 0x000001fdddabf460
Event: 30381.964 Thread 0x000001fdddac32f0 Thread exited: 0x000001fdddac32f0
Event: 30393.434 Thread 0x000001fdddac07a0 Thread added: 0x000001fdddac07a0


Dynamic libraries:
0x00007ff6499a0000 - 0x00007ff6499b0000 	C:\Program Files\Java\jdk-17\bin\java.exe
0x00007ff9bc0a0000 - 0x00007ff9bc2a9000 	C:\WINDOWS\SYSTEM32\ntdll.dll
0x00007ff9ba3a0000 - 0x00007ff9ba45e000 	C:\WINDOWS\System32\KERNEL32.DLL
0x00007ff9b9690000 - 0x00007ff9b9a0b000 	C:\WINDOWS\System32\KERNELBASE.dll
0x00007ff9b9570000 - 0x00007ff9b9681000 	C:\WINDOWS\System32\ucrtbase.dll
0x00007ff987ec0000 - 0x00007ff987ed8000 	C:\Program Files\Java\jdk-17\bin\jli.dll
0x00007ff9bb190000 - 0x00007ff9bb23e000 	C:\WINDOWS\System32\ADVAPI32.dll
0x00007ff9bb930000 - 0x00007ff9bb9d3000 	C:\WINDOWS\System32\msvcrt.dll
0x00007ff9bb770000 - 0x00007ff9bb80e000 	C:\WINDOWS\System32\sechost.dll
0x00007ff9bb810000 - 0x00007ff9bb930000 	C:\WINDOWS\System32\RPCRT4.dll
0x00007ff9bbeb0000 - 0x00007ff9bc05d000 	C:\WINDOWS\System32\USER32.dll
0x00007ff9b9d10000 - 0x00007ff9b9d36000 	C:\WINDOWS\System32\win32u.dll
0x00007ff9ba5b0000 - 0x00007ff9ba5d9000 	C:\WINDOWS\System32\GDI32.dll
0x00007ff9b9b50000 - 0x00007ff9b9c68000 	C:\WINDOWS\System32\gdi32full.dll
0x00007ff9b9c70000 - 0x00007ff9b9d0d000 	C:\WINDOWS\System32\msvcp_win.dll
0x00007ff987ca0000 - 0x00007ff987cbb000 	C:\Program Files\Java\jdk-17\bin\VCRUNTIME140.dll
0x00007ff9a8040000 - 0x00007ff9a82e5000 	C:\WINDOWS\WinSxS\amd64_microsoft.windows.common-controls_6595b64144ccf1df_6.0.22000.120_none_9d947278b86cc467\COMCTL32.dll
0x00007ff9b1e30000 - 0x00007ff9b1e3a000 	C:\WINDOWS\SYSTEM32\VERSION.dll
0x00007ff9bb260000 - 0x00007ff9bb292000 	C:\WINDOWS\System32\IMM32.DLL
0x00007ff9a22c0000 - 0x00007ff9a22cc000 	C:\Program Files\Java\jdk-17\bin\vcruntime140_1.dll
0x00007ff96ad90000 - 0x00007ff96ae1e000 	C:\Program Files\Java\jdk-17\bin\msvcp140.dll
0x00007ff910b30000 - 0x00007ff911707000 	C:\Program Files\Java\jdk-17\bin\server\jvm.dll
0x00007ff9ba4c0000 - 0x00007ff9ba4c8000 	C:\WINDOWS\System32\PSAPI.DLL
0x00007ff9a77e0000 - 0x00007ff9a77e9000 	C:\WINDOWS\SYSTEM32\WSOCK32.dll
0x00007ff9bb700000 - 0x00007ff9bb76f000 	C:\WINDOWS\System32\WS2_32.dll
0x00007ff9b4370000 - 0x00007ff9b43a3000 	C:\WINDOWS\SYSTEM32\WINMM.dll
0x00007ff9b86e0000 - 0x00007ff9b86f8000 	C:\WINDOWS\SYSTEM32\kernel.appcore.dll
0x00007ff9a1160000 - 0x00007ff9a116a000 	C:\Program Files\Java\jdk-17\bin\jimage.dll
0x00007ff9b1470000 - 0x00007ff9b1691000 	C:\WINDOWS\SYSTEM32\DBGHELP.DLL
0x00007ff9b13a0000 - 0x00007ff9b13d1000 	C:\WINDOWS\SYSTEM32\dbgcore.DLL
0x00007ff9b9a10000 - 0x00007ff9b9a8f000 	C:\WINDOWS\System32\bcryptPrimitives.dll
0x00007ff985f80000 - 0x00007ff985fa5000 	C:\Program Files\Java\jdk-17\bin\java.dll
0x00007ff93e480000 - 0x00007ff93e557000 	C:\Program Files\Java\jdk-17\bin\jsvml.dll
0x00007ff9ba5e0000 - 0x00007ff9bad97000 	C:\WINDOWS\System32\SHELL32.dll
0x00007ff9b7670000 - 0x00007ff9b7ed5000 	C:\WINDOWS\SYSTEM32\windows.storage.dll
0x00007ff9bbb30000 - 0x00007ff9bbea8000 	C:\WINDOWS\System32\combase.dll
0x00007ff9b7500000 - 0x00007ff9b7666000 	C:\WINDOWS\SYSTEM32\wintypes.dll
0x00007ff9bba40000 - 0x00007ff9bbb2a000 	C:\WINDOWS\System32\SHCORE.dll
0x00007ff9ba460000 - 0x00007ff9ba4bd000 	C:\WINDOWS\System32\shlwapi.dll
0x00007ff9b94a0000 - 0x00007ff9b94c1000 	C:\WINDOWS\SYSTEM32\profapi.dll
0x00007ff987a80000 - 0x00007ff987a99000 	C:\Program Files\Java\jdk-17\bin\net.dll
0x00007ff9b38c0000 - 0x00007ff9b39d4000 	C:\WINDOWS\SYSTEM32\WINHTTP.dll
0x00007ff9b8b80000 - 0x00007ff9b8be7000 	C:\WINDOWS\system32\mswsock.dll
0x00007ff986220000 - 0x00007ff986236000 	C:\Program Files\Java\jdk-17\bin\nio.dll
0x00007ff987be0000 - 0x00007ff987bf8000 	C:\Program Files\Java\jdk-17\bin\zip.dll
0x00007ff99af80000 - 0x00007ff99af90000 	C:\Program Files\Java\jdk-17\bin\verify.dll
0x00007ff9b8dc0000 - 0x00007ff9b8dd8000 	C:\WINDOWS\SYSTEM32\CRYPTSP.dll
0x00007ff9b8640000 - 0x00007ff9b8675000 	C:\WINDOWS\system32\rsaenh.dll
0x00007ff9b8c70000 - 0x00007ff9b8c99000 	C:\WINDOWS\SYSTEM32\USERENV.dll
0x00007ff9b8f50000 - 0x00007ff9b8f77000 	C:\WINDOWS\SYSTEM32\bcrypt.dll
0x00007ff9b8de0000 - 0x00007ff9b8dec000 	C:\WINDOWS\SYSTEM32\CRYPTBASE.dll
0x00007ff9b8200000 - 0x00007ff9b822d000 	C:\WINDOWS\SYSTEM32\IPHLPAPI.DLL
0x00007ff9bb180000 - 0x00007ff9bb189000 	C:\WINDOWS\System32\NSI.dll
0x00007ff9b3d60000 - 0x00007ff9b3d79000 	C:\WINDOWS\SYSTEM32\dhcpcsvc6.DLL
0x00007ff9b4140000 - 0x00007ff9b415e000 	C:\WINDOWS\SYSTEM32\dhcpcsvc.DLL
0x00007ff9b8230000 - 0x00007ff9b8318000 	C:\WINDOWS\SYSTEM32\DNSAPI.dll
0x00007ff99acc0000 - 0x00007ff99acca000 	C:\Program Files\Java\jdk-17\bin\management.dll
0x00007ff998830000 - 0x00007ff99883b000 	C:\Program Files\Java\jdk-17\bin\management_ext.dll
0x00007ff99aee0000 - 0x00007ff99aeed000 	C:\Program Files\Java\jdk-17\bin\sunmscapi.dll
0x00007ff9b9db0000 - 0x00007ff9b9f12000 	C:\WINDOWS\System32\CRYPT32.dll
0x00007ff9b8f20000 - 0x00007ff9b8f48000 	C:\WINDOWS\SYSTEM32\ncrypt.dll
0x00007ff9b8ee0000 - 0x00007ff9b8f17000 	C:\WINDOWS\SYSTEM32\NTASN1.dll
0x000000005ec80000 - 0x000000005eca6000 	C:\Program Files\Bonjour\mdnsNSP.dll
0x00007ff9afb50000 - 0x00007ff9afb5a000 	C:\Windows\System32\rasadhlp.dll
0x00007ff9b13e0000 - 0x00007ff9b1461000 	C:\WINDOWS\System32\fwpuclnt.dll
0x000000006c500000 - 0x000000006c5c7000 	C:\Users\evilc\AppData\Local\Temp\snappy-1.1.8-579818cf-649c-49e6-b600-e6b75bf3f7b8-snappyjava.dll

dbghelp: loaded successfully - version: 4.0.5 - missing functions: none
symbol engine: initialized successfully - sym options: 0x614 - pdb path: .;C:\Program Files\Java\jdk-17\bin;C:\WINDOWS\SYSTEM32;C:\WINDOWS\WinSxS\amd64_microsoft.windows.common-controls_6595b64144ccf1df_6.0.22000.120_none_9d947278b86cc467;C:\Program Files\Java\jdk-17\bin\server;C:\Program Files\Bonjour;C:\Users\evilc\AppData\Local\Temp

VM Arguments:
jvm_args: -Dsts.lsp.client=vscode -Dsts.log.file=/dev/null -XX:TieredStopAtLevel=1 -Xlog:jni+resolve=off -Dspring.config.location=file:c:\Users\evilc\.vscode\extensions\pivotal.vscode-spring-boot-1.43.0\language-server\BOOT-INF\classes\application.properties 
java_command: org.springframework.ide.vscode.boot.app.BootLanguageServerBootApp
java_class_path (initial): c:\Users\evilc\.vscode\extensions\pivotal.vscode-spring-boot-1.43.0\language-server\BOOT-INF\classes;c:\Users\evilc\.vscode\extensions\pivotal.vscode-spring-boot-1.43.0\language-server\BOOT-INF\lib\annotations-23.1.0.jar;c:\Users\evilc\.vscode\extensions\pivotal.vscode-spring-boot-1.43.0\language-server\BOOT-INF\lib\ant-1.10.12.jar;c:\Users\evilc\.vscode\extensions\pivotal.vscode-spring-boot-1.43.0\language-server\BOOT-INF\lib\ant-launcher-1.10.12.jar;c:\Users\evilc\.vscode\extensions\pivotal.vscode-spring-boot-1.43.0\language-server\BOOT-INF\lib\antlr-runtime-3.5.2.jar;c:\Users\evilc\.vscode\extensions\pivotal.vscode-spring-boot-1.43.0\language-server\BOOT-INF\lib\antlr4-4.9.3.jar;c:\Users\evilc\.vscode\extensions\pivotal.vscode-spring-boot-1.43.0\language-server\BOOT-INF\lib\antlr4-runtime-4.9.3.jar;c:\Users\evilc\.vscode\extensions\pivotal.vscode-spring-boot-1.43.0\language-server\BOOT-INF\lib\apiguardian-api-1.1.2.jar;c:\Users\evilc\.vscode\extensions\pivotal.vscode-spring-boot-1.43.0\language-server\BOOT-INF\lib\asm-9.4.jar;c:\Users\evilc\.vscode\extensions\pivotal.vscode-spring-boot-1.43.0\language-server\BOOT-INF\lib\asm-analysis-9.4.jar;c:\Users\evilc\.vscode\extensions\pivotal.vscode-spring-boot-1.43.0\language-server\BOOT-INF\lib\asm-tree-9.4.jar;c:\Users\evilc\.vscode\extensions\pivotal.vscode-spring-boot-1.43.0\language-server\BOOT-INF\lib\asm-util-9.4.jar;c:\Users\evilc\.vscode\extensions\pivotal.vscode-spring-boot-1.43.0\language-server\BOOT-INF\lib\caffeine-3.1.2.jar;c:\Users\evilc\.vscode\extensions\pivotal.vscode-spring-boot-1.43.0\language-server\BOOT-INF\lib\checker-qual-3.12.0.jar;c:\Users\evilc\.vscode\extensions\pivotal.vscode-spring-boot-1.43.0\language-server\BOOT-INF\lib\ci-environment-9.1.0.jar;c:\Users\evilc\.vscode\extensions\pivotal.vscode-spring-boot-1.43.0\language-server\BOOT-INF\lib\classgraph-4.8.149.jar;c:\Users\evilc\.vscode\extensions\pivotal.vscode-spring-boot-1.43.0\language-server\BOOT-INF\lib\comm
Launcher Type: SUN_STANDARD

[Global flags]
     intx CICompilerCount                          = 3                                         {product} {ergonomic}
     uint ConcGCThreads                            = 2                                         {product} {ergonomic}
     uint G1ConcRefinementThreads                  = 6                                         {product} {ergonomic}
   size_t G1HeapRegionSize                         = 2097152                                   {product} {ergonomic}
    uintx GCDrainStackTargetSize                   = 64                                        {product} {ergonomic}
   size_t InitialHeapSize                          = 268435456                                 {product} {ergonomic}
   size_t MarkStackSize                            = 4194304                                   {product} {ergonomic}
   size_t MaxHeapSize                              = 4278190080                                {product} {ergonomic}
   size_t MaxNewSize                               = 2566914048                                {product} {ergonomic}
   size_t MinHeapDeltaBytes                        = 2097152                                   {product} {ergonomic}
   size_t MinHeapSize                              = 8388608                                   {product} {ergonomic}
    uintx NonProfiledCodeHeapSize                  = 0                                      {pd product} {ergonomic}
     bool ProfileInterpreter                       = false                                  {pd product} {command line}
    uintx ProfiledCodeHeapSize                     = 0                                      {pd product} {ergonomic}
   size_t SoftMaxHeapSize                          = 4278190080                             {manageable} {ergonomic}
     intx TieredStopAtLevel                        = 1                                         {product} {command line}
     bool UseCompressedClassPointers               = true                           {product lp64_product} {ergonomic}
     bool UseCompressedOops                        = true                           {product lp64_product} {ergonomic}
     bool UseG1GC                                  = true                                      {product} {ergonomic}
     bool UseLargePagesIndividualAllocation        = false                                  {pd product} {ergonomic}

Logging:
Log output configuration:
 #0: stdout all=warning,jni+resolve=off uptime,level,tags
 #1: stderr all=off uptime,level,tags

Environment Variables:
JAVA_HOME=C:\Program Files\Java\jdk1.8.0_241
CLASSPATH=.;C:\Program Files\Java\jdk1.8.0_241\lib\tools.jar;%CATALINA_HOME%\lib\jsp-api.jar;%CATALINA_HOME%\lib\servlet-api.jar;
PATH=C:\Program Files\Common Files\Oracle\Java\javapath;C:\Python311\Scripts\;C:\Python311\;C:\WINDOWS\system32;C:\WINDOWS;C:\WINDOWS\System32\Wbem;C:\WINDOWS\System32\WindowsPowerShell\v1.0\;C:\WINDOWS\System32\OpenSSH\;C:\Program Files (x86)\NVIDIA Corporation\PhysX\Common;C:\Program Files\NVIDIA Corporation\NVIDIA NvDLISR;C:\Program Files\Java\jdk1.8.0_241\bin;C:\Program Files\Java\jdk1.8.0_241\lib;C:\Program Files\Java\jre1.8.0_241\bin;C:\Program Files\Java\jre1.8.0_241\lib;C:\Program Files\Git\cmd;C:\Program Files\PuTTY\;C:\Program Files\nodejs\;C:\ProgramData\chocolatey\bin;C:\Users\evilc\AppData\Local\Microsoft\WindowsApps;C:\Program Files\JetBrains\IntelliJ IDEA 2018.3.2\bin;;C:\Users\evilc\AppData\Local\Programs\Microsoft VS Code\bin;C:\Users\evilc\AppData\Roaming\npm;C:\Program Files\nodejs;
USERNAME=evilc
OS=Windows_NT
PROCESSOR_IDENTIFIER=Intel64 Family 6 Model 158 Stepping 10, GenuineIntel



---------------  S Y S T E M  ---------------

OS:
 Windows 11 , 64 bit Build 22000 (10.0.22000.1335)
OS uptime: 6 days 16:24 hours

CPU: total 6 (initial active 6) (6 cores per cpu, 1 threads per core) family 6 model 158 stepping 10 microcode 0xde, cx8, cmov, fxsr, mmx, 3dnowpref, sse, sse2, sse3, ssse3, sse4.1, sse4.2, popcnt, lzcnt, tsc, tscinvbit, avx, avx2, aes, erms, clmul, bmi1, bmi2, adx, fma, vzeroupper, clflush, clflushopt

Memory: 4k page, system-wide physical 16319M (5572M free)
TotalPageFile size 34047M (AvailPageFile size 6250M)
current process WorkingSet (physical memory assigned to process): 393M, peak: 1549M
current process commit charge ("private bytes"): 478M, peak: 1510M

vm_info: Java HotSpot(TM) 64-Bit Server VM (17.0.6+9-LTS-190) for windows-amd64 JRE (17.0.6+9-LTS-190), built on Dec  6 2022 15:53:54 by "mach5one" with MS VC++ 17.1 (VS2022)

END.
